<?xml version="1.0" encoding="UTF-8"?>
<testng-results skipped="0" failed="0" ignored="0" total="1" passed="1">
  <reporter-output>
  </reporter-output>
  <suite name="Hybridframework" duration-ms="61627" started-at="2020-02-04T06:23:13Z" finished-at="2020-02-04T06:24:15Z">
    <groups>
    </groups>
    <test name="Banking Application" duration-ms="61627" started-at="2020-02-04T06:23:13Z" finished-at="2020-02-04T06:24:15Z">
      <class name="com.inetbank.testcases.TC_LoginTest_001">
        <test-method status="PASS" signature="setup(java.lang.String)[pri:0, instance:com.inetbank.testcases.TC_LoginTest_001@32e6e9c3]" name="setup" is-config="true" duration-ms="45652" started-at="2020-02-04T06:23:13Z" finished-at="2020-02-04T06:23:59Z">
          <params>
            <param index="0">
              <value>
                <![CDATA[chrome]]>
              </value>
            </param>
          </params>
          <reporter-output>
          </reporter-output>
        </test-method> <!-- setup -->
        <test-method status="PASS" signature="LoginTest()[pri:0, instance:com.inetbank.testcases.TC_LoginTest_001@32e6e9c3]" name="LoginTest" duration-ms="14163" started-at="2020-02-04T06:23:59Z" finished-at="2020-02-04T06:24:14Z">
          <reporter-output>
          </reporter-output>
        </test-method> <!-- LoginTest -->
        <test-method status="PASS" signature="teardown()[pri:0, instance:com.inetbank.testcases.TC_LoginTest_001@32e6e9c3]" name="teardown" is-config="true" duration-ms="1385" started-at="2020-02-04T06:24:14Z" finished-at="2020-02-04T06:24:15Z">
          <reporter-output>
          </reporter-output>
        </test-method> <!-- teardown -->
      </class> <!-- com.inetbank.testcases.TC_LoginTest_001 -->
    </test> <!-- Banking Application -->
  </suite> <!-- Hybridframework -->
</testng-results>
