<?xml version="1.0" encoding="UTF-8"?>
<testng-results skipped="0" failed="0" ignored="0" total="1" passed="1">
  <reporter-output>
  </reporter-output>
  <suite name="Hybridframework" duration-ms="17289" started-at="2020-02-01T17:11:52Z" finished-at="2020-02-01T17:12:10Z">
    <groups>
    </groups>
    <test name="Banking Application" duration-ms="17289" started-at="2020-02-01T17:11:52Z" finished-at="2020-02-01T17:12:10Z">
      <class name="com.inetbank.testcases.TC_LoginTest_001">
        <test-method status="PASS" signature="setup(java.lang.String)[pri:0, instance:com.inetbank.testcases.TC_LoginTest_001@146ba0ac]" name="setup" is-config="true" duration-ms="13806" started-at="2020-02-01T17:11:52Z" finished-at="2020-02-01T17:12:06Z">
          <params>
            <param index="0">
              <value>
                <![CDATA[chrome]]>
              </value>
            </param>
          </params>
          <reporter-output>
          </reporter-output>
        </test-method> <!-- setup -->
        <test-method status="PASS" signature="LoginTest()[pri:0, instance:com.inetbank.testcases.TC_LoginTest_001@146ba0ac]" name="LoginTest" duration-ms="2603" started-at="2020-02-01T17:12:06Z" finished-at="2020-02-01T17:12:09Z">
          <reporter-output>
          </reporter-output>
        </test-method> <!-- LoginTest -->
        <test-method status="PASS" signature="teardown()[pri:0, instance:com.inetbank.testcases.TC_LoginTest_001@146ba0ac]" name="teardown" is-config="true" duration-ms="820" started-at="2020-02-01T17:12:09Z" finished-at="2020-02-01T17:12:10Z">
          <reporter-output>
          </reporter-output>
        </test-method> <!-- teardown -->
      </class> <!-- com.inetbank.testcases.TC_LoginTest_001 -->
    </test> <!-- Banking Application -->
  </suite> <!-- Hybridframework -->
</testng-results>
